<?xml version="1.0" encoding="UTF-8"?>
<!-- Generated by org.testng.reporters.JUnitReportReporter -->
<testsuite hostname="LAPTOP-ATTCUTF6" failures="0" tests="1" name="cropincodingassignment.ValidatePremiumFeatures" time="55.234" errors="0" timestamp="15 Feb 2021 20:01:53 GMT" skipped="0">
  <testcase classname="cropincodingassignment.ValidatePremiumFeatures" name="validatePremiumFeatures" time="55.234"/>
</testsuite> <!-- cropincodingassignment.ValidatePremiumFeatures -->
